INFO:  latexindent version 3.15, 2022-01-21, a script to indent .tex files
       latexindent lives here: /usr/share/texlive/texmf-dist/scripts/latexindent/
       Thu Oct 19 22:17:11 2023
       Reading input from STDIN
INFO:  Processing switches:
       -n|--lines mode: will only operate on specific lines 113-121
INFO:  Directory for backup files and indent.log: .
INFO:  YAML settings read: defaultSettings.yaml
       Reading defaultSettings.yaml from /usr/share/texlive/texmf-dist/scripts/latexindent/defaultSettings.yaml
INFO:  YAML settings read: indentconfig.yaml or .indentconfig.yaml
       Home directory is /home/quant (didn't find either indentconfig.yaml or .indentconfig.yaml)
       To specify user settings you would put indentconfig.yaml here: /home/quant/indentconfig.yaml
       Alternatively, you can use the hidden file .indentconfig.yaml as: /home/quant/.indentconfig.yaml
INFO:  -n,--lines switch is active, operating on lines 113-121
       number of lines in file: 662
INFO:  interpretting 113-121
       min line: 113, max line: 121
INFO:  line range summary: 
       the number of indent line ranges: 1
       the *sorted* line ranges are in the form MIN-MAX: 
       113-121
INFO:  Phase 1: searching for objects
INFO:  Phase 2: finding surrounding indentation
INFO:  Phase 3: indenting objects
INFO:  Phase 4: final indentation check
INFO:  Output routine:
       Not outputting to file; see -w and -o switches for more options.
       --------------
INFO:  Please direct all communication/issues to:
        https://github.com/cmhughes/latexindent.pl
